0 info it worked if it ends with ok
1 verbose cli [ 'C:\\nodejs\\node.exe',
1 verbose cli   'C:\\nodejs\\node_modules\\npm\\bin\\npm-cli.js',
1 verbose cli   'run',
1 verbose cli   'ionic:serve',
1 verbose cli   '--',
1 verbose cli   '--v2',
1 verbose cli   '--address',
1 verbose cli   '0.0.0.0',
1 verbose cli   '--port',
1 verbose cli   '8100',
1 verbose cli   '--livereload-port',
1 verbose cli   '35729' ]
2 info using npm@3.10.9
3 info using node@v4.6.0
4 verbose run-script [ 'preionic:serve', 'ionic:serve', 'postionic:serve' ]
5 info lifecycle eHanbell@~preionic:serve: eHanbell@
6 silly lifecycle eHanbell@~preionic:serve: no script for preionic:serve, continuing
7 info lifecycle eHanbell@~ionic:serve: eHanbell@
8 verbose lifecycle eHanbell@~ionic:serve: unsafe-perm in lifecycle true
9 verbose lifecycle eHanbell@~ionic:serve: PATH: C:\nodejs\node_modules\npm\bin\node-gyp-bin;g:\myWorkSpace\SHB\Hanbell-APP\node_modules\.bin;C:\Sybase\OCS-12_5\bin;C:\Sybase\OCS-12_5\dll;C:\Sybase\OCS-12_5\lib;C:\Sybase\OCS-12_5\lib3p;C:\sybase\SCC-3_2\bin;C:\sybase\DBISQL\bin;C:\sybase\DataAccess64\ADONET\dll;C:\sybase\DataAccess\ADONET\dll;C:\sybase\DataAccess64\ODBC\dll;C:\sybase\DataAccess\ODBC\dll;C:\sybase\DataAccess64\OLEDB\dll;C:\sybase\DataAccess\OLEDB\dll;C:\sybase\OCS-15_0\lib3p64;C:\sybase\OCS-15_0\lib3p;C:\sybase\OCS-15_0\dll;C:\sybase\OCS-15_0\bin;C:\sybase\ASE-15_0\jobscheduler\bin;C:\sybase\ASE-15_0\dll;C:\sybase\ASE-15_0\bin;C:\Program Files (x86)\AMD APP\bin\x86_64;C:\Program Files (x86)\AMD APP\bin\x86;C:\Program Files\Sybase\Jaguar CTS 3.5\bin;C:\Program Files\Sybase\Jaguar CTS 3.5\dll;C:\Program Files\Sybase\Jaguar CTS 3.5\client\dll;C:\Program Files\Sybase\Shared\Sun\JDK118\bin;C:\Program Files\Sybase\Shared\PowerBuilder;C:\Windows\system32;C:\Windows;C:\Windows\System32\Wbem;C:\Windows\System32\WindowsPowerShell\v1.0\;c:\Program Files (x86)\Microsoft SQL Server\100\Tools\Binn\;c:\Program Files\Microsoft SQL Server\100\Tools\Binn\;c:\Program Files\Microsoft SQL Server\100\DTS\Binn\;c:\Program Files (x86)\Microsoft SQL Server\100\Tools\Binn\VSShell\Common7\IDE\;c:\Program Files (x86)\Microsoft Visual Studio 9.0\Common7\IDE\PrivateAssemblies\;c:\Program Files (x86)\Microsoft SQL Server\100\DTS\Binn\;C:\Program Files (x86)\Citrix\System32\;C:\Windows\Microsoft.NET\Framework\v3.5;C:\Windows\Microsoft.NET\Framework\v2.0.50727;C:\Program Files (x86)\ATI Technologies\ATI.ACE\Core-Static;C:\nodejs\;C:\WINDOWS\system32;C:\WINDOWS;C:\WINDOWS\System32\Wbem;C:\WINDOWS\System32\WindowsPowerShell\v1.0\;C:\Program Files (x86)\skype\Phone\;C:\Program Files\Git\cmd;C:\Users\C0160\.dnx\bin;C:\Program Files\Microsoft DNX\Dnvm\;C:\Program Files\Microsoft SQL Server\130\Tools\Binn\;C:\Java\Android\android-sdk\tools;C:\Java\Android\android-sdk\platform-tools;C:\Java\apache-ant-1.9.7\bin;C:\Java\apache-maven-3.3.9\bin;C:\Users\C0160\devstudio\runtimes\jboss-eap\bin;C:\Java\jdk1.8.0_45\bin;C:\Program Files\TortoiseGit\bin;C:\Program Files (x86)\WiX Toolset v3.10\\bin;C:\Ruby22-x64\bin;C:\Users\C0160\AppData\Local\Microsoft\WindowsApps
10 verbose lifecycle eHanbell@~ionic:serve: CWD: g:\myWorkSpace\SHB\Hanbell-APP
11 silly lifecycle eHanbell@~ionic:serve: Args: [ '/d /s /c',
11 silly lifecycle   'ionic-app-scripts serve "--v2" "--address" "0.0.0.0" "--port" "8100" "--livereload-port" "35729"' ]
12 silly lifecycle eHanbell@~ionic:serve: Returned: code: 1  signal: null
13 info lifecycle eHanbell@~ionic:serve: Failed to exec ionic:serve script
14 verbose stack Error: eHanbell@ ionic:serve: `ionic-app-scripts serve "--v2" "--address" "0.0.0.0" "--port" "8100" "--livereload-port" "35729"`
14 verbose stack Exit status 1
14 verbose stack     at EventEmitter.<anonymous> (C:\nodejs\node_modules\npm\lib\utils\lifecycle.js:255:16)
14 verbose stack     at emitTwo (events.js:87:13)
14 verbose stack     at EventEmitter.emit (events.js:172:7)
14 verbose stack     at ChildProcess.<anonymous> (C:\nodejs\node_modules\npm\lib\utils\spawn.js:40:14)
14 verbose stack     at emitTwo (events.js:87:13)
14 verbose stack     at ChildProcess.emit (events.js:172:7)
14 verbose stack     at maybeClose (internal/child_process.js:829:16)
14 verbose stack     at Process.ChildProcess._handle.onexit (internal/child_process.js:211:5)
15 verbose pkgid eHanbell@
16 verbose cwd g:\myWorkSpace\SHB\Hanbell-APP
17 error Windows_NT 10.0.14393
18 error argv "C:\\nodejs\\node.exe" "C:\\nodejs\\node_modules\\npm\\bin\\npm-cli.js" "run" "ionic:serve" "--" "--v2" "--address" "0.0.0.0" "--port" "8100" "--livereload-port" "35729"
19 error node v4.6.0
20 error npm  v3.10.9
21 error code ELIFECYCLE
22 error eHanbell@ ionic:serve: `ionic-app-scripts serve "--v2" "--address" "0.0.0.0" "--port" "8100" "--livereload-port" "35729"`
22 error Exit status 1
23 error Failed at the eHanbell@ ionic:serve script 'ionic-app-scripts serve "--v2" "--address" "0.0.0.0" "--port" "8100" "--livereload-port" "35729"'.
23 error Make sure you have the latest version of node.js and npm installed.
23 error If you do, this is most likely a problem with the eHanbell package,
23 error not with npm itself.
23 error Tell the author that this fails on your system:
23 error     ionic-app-scripts serve "--v2" "--address" "0.0.0.0" "--port" "8100" "--livereload-port" "35729"
23 error You can get information on how to open an issue for this project with:
23 error     npm bugs eHanbell
23 error Or if that isn't available, you can get their info via:
23 error     npm owner ls eHanbell
23 error There is likely additional logging output above.
24 verbose exit [ 1, true ]
